<?xml version="1.0" encoding="UTF-8"?>
<robot generator="Robot 6.0.1 (Python 3.11.0 on win32)" generated="20221122 10:43:39.294" rpa="false" schemaversion="3">
<suite id="s1" name="Tcorange" source="E:\Robot framework\testcases\tcorange.robot">
<test id="s1-t1" name="login in ornageHRM" line="6">
<kw name="user should login" library="demoorange">
<kw name="Open Browser" library="SeleniumLibrary">
<arg>${url}</arg>
<arg>${browser}</arg>
<doc>Opens a new browser instance to the optional ``url``.</doc>
<msg timestamp="20221122 10:43:39.945" level="INFO">Opening browser 'chrome' to base url 'https://opensource-demo.orangehrmlive.com/'.</msg>
<status status="PASS" starttime="20221122 10:43:39.943" endtime="20221122 10:43:48.727"/>
</kw>
<kw name="Maximize Browser Window" library="SeleniumLibrary">
<doc>Maximizes current browser window.</doc>
<status status="PASS" starttime="20221122 10:43:48.728" endtime="20221122 10:43:48.851"/>
</kw>
<kw name="Sleep" library="BuiltIn">
<arg>10</arg>
<doc>Pauses the test executed for the given time.</doc>
<msg timestamp="20221122 10:43:58.851" level="INFO">Slept 10 seconds</msg>
<status status="PASS" starttime="20221122 10:43:48.851" endtime="20221122 10:43:58.851"/>
</kw>
<kw name="Page Should Contain" library="SeleniumLibrary">
<arg>password</arg>
<doc>Verifies that current page contains ``text``.</doc>
<msg timestamp="20221122 10:43:58.867" level="INFO">Current page contains text 'password'.</msg>
<status status="PASS" starttime="20221122 10:43:58.851" endtime="20221122 10:43:58.867"/>
</kw>
<kw name="Log To Console" library="BuiltIn">
<arg>text found</arg>
<doc>Logs the given message to the console.</doc>
<status status="PASS" starttime="20221122 10:43:58.867" endtime="20221122 10:43:58.867"/>
</kw>
<status status="PASS" starttime="20221122 10:43:39.942" endtime="20221122 10:43:58.867"/>
</kw>
<status status="PASS" starttime="20221122 10:43:39.940" endtime="20221122 10:43:58.882"/>
</test>
<test id="s1-t2" name="username and details" line="8">
<kw name="user entered" library="demoorange">
<kw name="Wait Until Page Contains Element" library="SeleniumLibrary">
<arg>${name}</arg>
<arg>5</arg>
<doc>Waits until the element ``locator`` appears on the current page.</doc>
<status status="PASS" starttime="20221122 10:43:58.886" endtime="20221122 10:43:58.924"/>
</kw>
<kw name="Log To Console" library="BuiltIn">
<arg>user name is found</arg>
<doc>Logs the given message to the console.</doc>
<status status="PASS" starttime="20221122 10:43:58.925" endtime="20221122 10:43:58.930"/>
</kw>
<kw name="Click Element" library="SeleniumLibrary">
<arg>${name}</arg>
<doc>Click the element identified by ``locator``.</doc>
<msg timestamp="20221122 10:43:58.931" level="INFO">Clicking element 'xpath = //*[@name='username']'.</msg>
<status status="PASS" starttime="20221122 10:43:58.930" endtime="20221122 10:43:59.103"/>
</kw>
<kw name="Log To Console" library="BuiltIn">
<arg>element is clicked</arg>
<doc>Logs the given message to the console.</doc>
<status status="PASS" starttime="20221122 10:43:59.103" endtime="20221122 10:43:59.104"/>
</kw>
<kw name="Input Text" library="SeleniumLibrary">
<arg>${name}</arg>
<arg>${data1}</arg>
<doc>Types the given ``text`` into the text field identified by ``locator``.</doc>
<msg timestamp="20221122 10:43:59.106" level="INFO">Typing text 'Admin' into text field 'xpath = //*[@name='username']'.</msg>
<status status="PASS" starttime="20221122 10:43:59.105" endtime="20221122 10:43:59.321"/>
</kw>
<kw name="Log To Console" library="BuiltIn">
<arg>user name is entered</arg>
<doc>Logs the given message to the console.</doc>
<status status="PASS" starttime="20221122 10:43:59.322" endtime="20221122 10:43:59.322"/>
</kw>
<status status="PASS" starttime="20221122 10:43:58.886" endtime="20221122 10:43:59.323"/>
</kw>
<kw name="password enetred" library="demoorange">
<kw name="Wait Until Page Contains Element" library="SeleniumLibrary">
<arg>${password}</arg>
<arg>5</arg>
<doc>Waits until the element ``locator`` appears on the current page.</doc>
<status status="PASS" starttime="20221122 10:43:59.324" endtime="20221122 10:43:59.361"/>
</kw>
<kw name="Log To Console" library="BuiltIn">
<arg>password is found</arg>
<doc>Logs the given message to the console.</doc>
<status status="PASS" starttime="20221122 10:43:59.361" endtime="20221122 10:43:59.367"/>
</kw>
<kw name="Click Element" library="SeleniumLibrary">
<arg>${password}</arg>
<doc>Click the element identified by ``locator``.</doc>
<msg timestamp="20221122 10:43:59.368" level="INFO">Clicking element 'xpath = //*[@name='password']'.</msg>
<status status="PASS" starttime="20221122 10:43:59.367" endtime="20221122 10:43:59.547"/>
</kw>
<kw name="Log To Console" library="BuiltIn">
<arg>password is clicked</arg>
<doc>Logs the given message to the console.</doc>
<status status="PASS" starttime="20221122 10:43:59.547" endtime="20221122 10:43:59.549"/>
</kw>
<kw name="Input Password" library="SeleniumLibrary">
<arg>${password}</arg>
<arg>${data2}</arg>
<doc>Types the given password into the text field identified by ``locator``.</doc>
<msg timestamp="20221122 10:43:59.551" level="INFO">Typing password into text field 'xpath = //*[@name='password']'.</msg>
<msg timestamp="20221122 10:43:59.652" level="INFO">Temporally setting log level to: NONE</msg>
<msg timestamp="20221122 10:43:59.735" level="INFO">Log level changed from NONE to INFO.</msg>
<status status="PASS" starttime="20221122 10:43:59.550" endtime="20221122 10:43:59.735"/>
</kw>
<kw name="Log To Console" library="BuiltIn">
<arg>password is entered</arg>
<doc>Logs the given message to the console.</doc>
<status status="PASS" starttime="20221122 10:43:59.735" endtime="20221122 10:43:59.736"/>
</kw>
<status status="PASS" starttime="20221122 10:43:59.323" endtime="20221122 10:43:59.736"/>
</kw>
<kw name="clicked on login" library="demoorange">
<kw name="Click Element" library="SeleniumLibrary">
<arg>${button}</arg>
<doc>Click the element identified by ``locator``.</doc>
<msg timestamp="20221122 10:43:59.739" level="INFO">Clicking element 'xpath = //*[@type='submit']'.</msg>
<status status="PASS" starttime="20221122 10:43:59.738" endtime="20221122 10:43:59.893"/>
</kw>
<kw name="Log To Console" library="BuiltIn">
<arg>login is clicked</arg>
<doc>Logs the given message to the console.</doc>
<status status="PASS" starttime="20221122 10:43:59.893" endtime="20221122 10:43:59.895"/>
</kw>
<status status="PASS" starttime="20221122 10:43:59.737" endtime="20221122 10:43:59.896"/>
</kw>
<kw name="timelink method" library="demoorange">
<kw name="click on side menu" library="demoorange">
<arg>${timelink}</arg>
<kw name="Wait Until Page Contains Element" library="SeleniumLibrary">
<arg>${element}</arg>
<arg>10</arg>
<doc>Waits until the element ``locator`` appears on the current page.</doc>
<status status="PASS" starttime="20221122 10:43:59.900" endtime="20221122 10:44:02.076"/>
</kw>
<kw name="Click Element" library="SeleniumLibrary">
<arg>${element}</arg>
<doc>Click the element identified by ``locator``.</doc>
<msg timestamp="20221122 10:44:02.078" level="INFO">Clicking element '//*[@href='/web/index.php/time/viewTimeModule']'.</msg>
<status status="PASS" starttime="20221122 10:44:02.077" endtime="20221122 10:44:03.788"/>
</kw>
<status status="PASS" starttime="20221122 10:43:59.899" endtime="20221122 10:44:03.789"/>
</kw>
<kw name="Sleep" library="BuiltIn">
<arg>3s</arg>
<doc>Pauses the test executed for the given time.</doc>
<msg timestamp="20221122 10:44:06.791" level="INFO">Slept 3 seconds</msg>
<status status="PASS" starttime="20221122 10:44:03.789" endtime="20221122 10:44:06.791"/>
</kw>
<status status="PASS" starttime="20221122 10:43:59.899" endtime="20221122 10:44:06.791"/>
</kw>
<kw name="Different module" library="demoorange">
<kw name="click on side menu" library="demoorange">
<arg>${reclink}</arg>
<kw name="Wait Until Page Contains Element" library="SeleniumLibrary">
<arg>${element}</arg>
<arg>10</arg>
<doc>Waits until the element ``locator`` appears on the current page.</doc>
<status status="PASS" starttime="20221122 10:44:06.794" endtime="20221122 10:44:06.853"/>
</kw>
<kw name="Click Element" library="SeleniumLibrary">
<arg>${element}</arg>
<doc>Click the element identified by ``locator``.</doc>
<msg timestamp="20221122 10:44:06.854" level="INFO">Clicking element 'xpath = //*[@href='/web/index.php/recruitment/viewRecruitmentModule']'.</msg>
<status status="PASS" starttime="20221122 10:44:06.853" endtime="20221122 10:44:08.420"/>
</kw>
<status status="PASS" starttime="20221122 10:44:06.793" endtime="20221122 10:44:08.421"/>
</kw>
<kw name="Sleep" library="BuiltIn">
<arg>3s</arg>
<doc>Pauses the test executed for the given time.</doc>
<msg timestamp="20221122 10:44:11.422" level="INFO">Slept 3 seconds</msg>
<status status="PASS" starttime="20221122 10:44:08.421" endtime="20221122 10:44:11.422"/>
</kw>
<kw name="Click Element" library="SeleniumLibrary">
<arg>${job_dropdown}</arg>
<doc>Click the element identified by ``locator``.</doc>
<msg timestamp="20221122 10:44:11.425" level="INFO">Clicking element 'xpath = //div[text()='Network Administrator']'.</msg>
<msg timestamp="20221122 10:44:11.628" level="INFO" html="true">&lt;/td&gt;&lt;/tr&gt;&lt;tr&gt;&lt;td colspan="3"&gt;&lt;a href="selenium-screenshot-163.png"&gt;&lt;img src="selenium-screenshot-163.png" width="800px"&gt;&lt;/a&gt;</msg>
<msg timestamp="20221122 10:44:11.628" level="FAIL">Element with locator 'xpath = //div[text()='Network Administrator']' not found.</msg>
<status status="FAIL" starttime="20221122 10:44:11.422" endtime="20221122 10:44:11.869"/>
</kw>
<kw name="job title drop down" library="demoorange">
<status status="NOT RUN" starttime="20221122 10:44:11.869" endtime="20221122 10:44:11.869"/>
</kw>
<status status="FAIL" starttime="20221122 10:44:06.792" endtime="20221122 10:44:11.870"/>
</kw>
<status status="FAIL" starttime="20221122 10:43:58.885" endtime="20221122 10:44:11.871">Element with locator 'xpath = //div[text()='Network Administrator']' not found.</status>
</test>
<status status="FAIL" starttime="20221122 10:43:39.312" endtime="20221122 10:44:11.876"/>
</suite>
<statistics>
<total>
<stat pass="1" fail="1" skip="0">All Tests</stat>
</total>
<tag>
</tag>
<suite>
<stat pass="1" fail="1" skip="0" id="s1" name="Tcorange">Tcorange</stat>
</suite>
</statistics>
<errors>
</errors>
</robot>
